#
# An unexpected error has been detected by Java Runtime Environment:
#
#  EXCEPTION_ACCESS_VIOLATION (0xc0000005) at pc=0x7918c0c0, pid=4520, tid=1148
#
# Java VM: Java HotSpot(TM) Client VM (1.6.0-b105 mixed mode)
# Problematic frame:
# C  [m_ir.dll+0x1c0c0]
#
# If you would like to submit a bug report, please visit:
#   http://java.sun.com/webapps/bugreport/crash.jsp
#

---------------  T H R E A D  ---------------

Current thread (0x0762f400):  JavaThread "AWT-EventQueue-0" [_thread_in_native, id=1148]

siginfo: ExceptionCode=0xc0000005, writing address 0x02e85834

Registers:
EAX=0x00fd9efa, EBX=0x7acb6dc0, ECX=0x000c2ec0, EDX=0x02dc2960
ESP=0x18ecee84, EBP=0x18ecee98, ESI=0x1c1ccca0, EDI=0x7acbe9e0
EIP=0x7918c0c0, EFLAGS=0x00010216

Top of Stack: (sp=0x18ecee84)
0x18ecee84:   03c64db0 1c1ccca0 0380d360 791949e0
0x18ecee94:   0000000c 18eceee8 7918d410 1c1ccca0
0x18eceea4:   791949e0 0380d360 1c1ccb1c 03c64db0
0x18eceeb4:   18eceee4 1c1ccca0 00000010 00000000
0x18eceec4:   00000000 00000000 79181f50 79181fb0
0x18eceed4:   1c1cdec0 7ad2e5e4 1c1cdba8 00000000
0x18eceee4:   00000000 18ecef38 79179a55 1c1cdec0
0x18eceef4:   00000010 1c1cdec0 00000000 79192100 

Instructions: (pc=0x7918c0c0)
0x7918c0b0:   10 8b 02 0f b7 48 0c 8b 56 04 83 c4 08 c1 e1 05
0x7918c0c0:   83 44 11 14 01 5f 8d 44 11 14 5e 5b 8b e5 5d c3 


Stack: [0x18e50000,0x18ed0000),  sp=0x18ecee84,  free space=507k
Native frames: (J=compiled Java code, j=interpreted, Vv=VM code, C=native code)
C  [m_ir.dll+0x1c0c0]
C  [m_ir.dll+0x1d410]
C  [m_ir.dll+0x9a55]
C  [m_ir.dll+0xf0d4]
C  [m_ir.dll+0x2602]
C  [m_ir.dll+0x2646]
C  [m_ir.dll+0xf0f5]
C  [m_parser.dll+0xcf8c]
C  [m_interpreter.dll+0x2d679d]
C  [m_interpreter.dll+0x2d6970]
C  [m_interpreter.dll+0x1ed1c]
C  0x78661363
C  0x786616e7
C  [iqm.dll+0x16e3]
C  [iqm.dll+0x4479]
C  0x78664ef3
j  com.mathworks.jmi.NativeMatlab.PostMatlabMessage(Ljava/lang/Object;J)V+0
j  com.mathworks.jmi.NativeMatlab.postMatlabMessage(Ljava/lang/Object;J)V+3
j  com.mathworks.jmi.NativeMatlab.postMatlabMessage(Ljava/lang/Object;)V+6
j  com.mathworks.jmi.MatlabLooper.postMatlabMessage(Lcom/mathworks/services/message/MWMessage;Lcom/mathworks/services/message/MWHandler;)V+30
j  com.mathworks.jmi.MatlabMCR.postAsync(Lcom/mathworks/services/message/MWMessage;Lcom/mathworks/jmi/CompletionObserver;Lcom/mathworks/jmi/MatlabListener;)V+34
j  com.mathworks.jmi.MatlabMCR.evalConsoleOutput(Ljava/lang/String;Lcom/mathworks/jmi/CompletionObserver;I)V+61
j  com.mathworks.jmi.Matlab.evalConsoleOutput(Ljava/lang/String;Lcom/mathworks/jmi/CompletionObserver;I)V+7
j  com.mathworks.mde.editor.RealMatlab.evalConsoleOutput(Ljava/lang/String;Lcom/mathworks/jmi/CompletionObserver;I)V+6
j  com.mathworks.mde.editor.codepad.Codepad.evalCurrentCell(Z)V+62
j  com.mathworks.mde.editor.codepad.Codepad.tweakNumber(I)V+208
j  com.mathworks.mde.editor.codepad.Codepad.decrementNumber()V+14
j  com.mathworks.mde.editor.codepad.Codepad.access$500(Lcom/mathworks/mde/editor/codepad/Codepad;)V+1
j  com.mathworks.mde.editor.codepad.Codepad$2.mouseWheelMoved(Ljava/awt/event/MouseWheelEvent;)V+189
j  java.awt.Component.processMouseWheelEvent(Ljava/awt/event/MouseWheelEvent;)V+34
J  java.awt.Component.processEvent(Ljava/awt/AWTEvent;)V
J  java.awt.Container.processEvent(Ljava/awt/AWTEvent;)V
J  java.awt.Component.dispatchEventImpl(Ljava/awt/AWTEvent;)V
J  java.awt.Container.dispatchEventImpl(Ljava/awt/AWTEvent;)V
J  java.awt.LightweightDispatcher.retargetMouseEvent(Ljava/awt/Component;ILjava/awt/event/MouseEvent;)V
J  java.awt.LightweightDispatcher.processMouseEvent(Ljava/awt/event/MouseEvent;)Z
J  java.awt.LightweightDispatcher.dispatchEvent(Ljava/awt/AWTEvent;)Z
J  java.awt.Container.dispatchEventImpl(Ljava/awt/AWTEvent;)V
J  java.awt.Window.dispatchEventImpl(Ljava/awt/AWTEvent;)V
J  java.awt.EventQueue.dispatchEvent(Ljava/awt/AWTEvent;)V
J  java.awt.EventDispatchThread.pumpOneEventForFilters(I)Z
J  java.awt.EventDispatchThread.pumpEventsForFilter(ILjava/awt/Conditional;Ljava/awt/EventFilter;)V
j  java.awt.EventDispatchThread.pumpEventsForHierarchy(ILjava/awt/Conditional;Ljava/awt/Component;)V+11
j  java.awt.EventDispatchThread.pumpEvents(ILjava/awt/Conditional;)V+4
j  java.awt.EventDispatchThread.pumpEvents(Ljava/awt/Conditional;)V+3
j  java.awt.EventDispatchThread.run()V+9
v  ~StubRoutines::call_stub

Java frames: (J=compiled Java code, j=interpreted, Vv=VM code)
j  com.mathworks.jmi.NativeMatlab.PostMatlabMessage(Ljava/lang/Object;J)V+0
j  com.mathworks.jmi.NativeMatlab.postMatlabMessage(Ljava/lang/Object;J)V+3
j  com.mathworks.jmi.NativeMatlab.postMatlabMessage(Ljava/lang/Object;)V+6
j  com.mathworks.jmi.MatlabLooper.postMatlabMessage(Lcom/mathworks/services/message/MWMessage;Lcom/mathworks/services/message/MWHandler;)V+30
j  com.mathworks.jmi.MatlabMCR.postAsync(Lcom/mathworks/services/message/MWMessage;Lcom/mathworks/jmi/CompletionObserver;Lcom/mathworks/jmi/MatlabListener;)V+34
j  com.mathworks.jmi.MatlabMCR.evalConsoleOutput(Ljava/lang/String;Lcom/mathworks/jmi/CompletionObserver;I)V+61
j  com.mathworks.jmi.Matlab.evalConsoleOutput(Ljava/lang/String;Lcom/mathworks/jmi/CompletionObserver;I)V+7
j  com.mathworks.mde.editor.RealMatlab.evalConsoleOutput(Ljava/lang/String;Lcom/mathworks/jmi/CompletionObserver;I)V+6
j  com.mathworks.mde.editor.codepad.Codepad.evalCurrentCell(Z)V+62
j  com.mathworks.mde.editor.codepad.Codepad.tweakNumber(I)V+208
j  com.mathworks.mde.editor.codepad.Codepad.decrementNumber()V+14
j  com.mathworks.mde.editor.codepad.Codepad.access$500(Lcom/mathworks/mde/editor/codepad/Codepad;)V+1
j  com.mathworks.mde.editor.codepad.Codepad$2.mouseWheelMoved(Ljava/awt/event/MouseWheelEvent;)V+189
j  java.awt.Component.processMouseWheelEvent(Ljava/awt/event/MouseWheelEvent;)V+34
J  java.awt.Component.processEvent(Ljava/awt/AWTEvent;)V
J  java.awt.Container.processEvent(Ljava/awt/AWTEvent;)V
J  java.awt.Component.dispatchEventImpl(Ljava/awt/AWTEvent;)V
J  java.awt.Container.dispatchEventImpl(Ljava/awt/AWTEvent;)V
J  java.awt.LightweightDispatcher.retargetMouseEvent(Ljava/awt/Component;ILjava/awt/event/MouseEvent;)V
J  java.awt.LightweightDispatcher.processMouseEvent(Ljava/awt/event/MouseEvent;)Z
J  java.awt.LightweightDispatcher.dispatchEvent(Ljava/awt/AWTEvent;)Z
J  java.awt.Container.dispatchEventImpl(Ljava/awt/AWTEvent;)V
J  java.awt.Window.dispatchEventImpl(Ljava/awt/AWTEvent;)V
J  java.awt.EventQueue.dispatchEvent(Ljava/awt/AWTEvent;)V
J  java.awt.EventDispatchThread.pumpOneEventForFilters(I)Z
J  java.awt.EventDispatchThread.pumpEventsForFilter(ILjava/awt/Conditional;Ljava/awt/EventFilter;)V
j  java.awt.EventDispatchThread.pumpEventsForHierarchy(ILjava/awt/Conditional;Ljava/awt/Component;)V+11
j  java.awt.EventDispatchThread.pumpEvents(ILjava/awt/Conditional;)V+4
j  java.awt.EventDispatchThread.pumpEvents(Ljava/awt/Conditional;)V+3
j  java.awt.EventDispatchThread.run()V+9
v  ~StubRoutines::call_stub

---------------  P R O C E S S  ---------------

Java Threads: ( => current thread )
  0x15dae400 JavaThread "Image Fetcher 0" daemon [_thread_blocked, id=3484]
  0x15daf800 JavaThread "Thread-177" [_thread_blocked, id=4588]
  0x15db1800 JavaThread "Thread-13" [_thread_blocked, id=2468]
  0x15db1000 JavaThread "Prefs Updater" [_thread_blocked, id=3488]
  0x15daf400 JavaThread "Thread-11" [_thread_blocked, id=5248]
  0x15daec00 JavaThread "Active Reference Queue Daemon" daemon [_thread_blocked, id=5672]
  0x15dae800 JavaThread "Timer-3" daemon [_thread_blocked, id=5124]
  0x1801cc00 JavaThread "Timer-1" daemon [_thread_blocked, id=5520]
  0x15dd8400 JavaThread "TimerQueue" daemon [_thread_blocked, id=2812]
=>0x0762f400 JavaThread "AWT-EventQueue-0" [_thread_in_native, id=1148]
  0x0762f000 JavaThread "AWT-Shutdown" [_thread_blocked, id=5720]
  0x17c4ec00 JavaThread "AWT-Windows" daemon [_thread_in_native, id=4248]
  0x17d0e800 JavaThread "Java2D Disposer" daemon [_thread_blocked, id=1036]
  0x15cf7000 JavaThread "Timer-0" [_thread_blocked, id=2944]
  0x076b6800 JavaThread "Low Memory Detector" daemon [_thread_blocked, id=6136]
  0x076b2400 JavaThread "CompilerThread0" daemon [_thread_blocked, id=1144]
  0x076b2000 JavaThread "Attach Listener" daemon [_thread_blocked, id=3476]
  0x07699000 JavaThread "Finalizer" daemon [_thread_blocked, id=4972]
  0x07690400 JavaThread "Reference Handler" daemon [_thread_blocked, id=1436]
  0x0374e800 JavaThread "main" [_thread_in_native, id=4864]

Other Threads:
  0x0768ac00 VMThread [id=5832]
  0x076c2800 WatcherThread [id=2860]

VM state:not at safepoint (normal execution)

VM Mutex/Monitor currently owned by a thread: None

Heap
 def new generation   total 14848K, used 7207K [0x09ca0000, 0x0acb0000, 0x0bca0000)
  eden space 13248K,  47% used [0x09ca0000, 0x0a2ba308, 0x0a990000)
  from space 1600K,  59% used [0x0a990000, 0x0aa7fae0, 0x0ab20000)
  to   space 1600K,   0% used [0x0ab20000, 0x0ab20000, 0x0acb0000)
 tenured generation   total 49152K, used 44694K [0x0bca0000, 0x0eca0000, 0x11ca0000)
   the space 49152K,  90% used [0x0bca0000, 0x0e845b08, 0x0e845c00, 0x0eca0000)
 compacting perm gen  total 32768K, used 26239K [0x11ca0000, 0x13ca0000, 0x15ca0000)
   the space 32768K,  80% used [0x11ca0000, 0x1363fcb8, 0x1363fe00, 0x13ca0000)
No shared spaces configured.

Dynamic libraries:
0x00400000 - 0x00536000 	C:\Program Files\MatLab\R2008a\bin\win32\MATLAB.exe
0x77cf0000 - 0x77e2c000 	C:\Windows\SYSTEM32\ntdll.dll
0x772a0000 - 0x77374000 	C:\Windows\system32\kernel32.dll
0x75ef0000 - 0x75f3b000 	C:\Windows\system32\KERNELBASE.dll
0x7ac90000 - 0x7ad5b000 	C:\Program Files\MatLab\R2008a\bin\win32\libut.dll
0x77e60000 - 0x77e8a000 	C:\Windows\system32\imagehlp.dll
0x77530000 - 0x775dc000 	C:\Windows\system32\msvcrt.dll
0x776e0000 - 0x77780000 	C:\Windows\system32\ADVAPI32.dll
0x77e40000 - 0x77e59000 	C:\Windows\SYSTEM32\sechost.dll
0x770a0000 - 0x77141000 	C:\Windows\system32\RPCRT4.dll
0x761d0000 - 0x761d5000 	C:\Windows\system32\PSAPI.DLL
0x7b4d0000 - 0x7b4ef000 	C:\Program Files\MatLab\R2008a\bin\win32\LIBEXPAT.dll
0x72eb0000 - 0x72f4b000 	C:\Windows\WinSxS\x86_microsoft.vc80.crt_1fc8b3b9a1e18e3b_8.0.50727.6195_none_d09154e044272b9a\MSVCR80.dll
0x7b040000 - 0x7b117000 	C:\Program Files\MatLab\R2008a\bin\win32\icuuc36.dll
0x7a820000 - 0x7a824000 	C:\Program Files\MatLab\R2008a\bin\win32\icudt36.dll
0x7a830000 - 0x7a83c000 	C:\Program Files\MatLab\R2008a\bin\win32\icuio36.dll
0x7aaf0000 - 0x7abb2000 	C:\Program Files\MatLab\R2008a\bin\win32\icuin36.dll
0x72e20000 - 0x72ea7000 	C:\Windows\WinSxS\x86_microsoft.vc80.crt_1fc8b3b9a1e18e3b_8.0.50727.6195_none_d09154e044272b9a\MSVCP80.dll
0x77780000 - 0x77849000 	C:\Windows\system32\USER32.dll
0x77250000 - 0x7729e000 	C:\Windows\system32\GDI32.dll
0x77e30000 - 0x77e3a000 	C:\Windows\system32\LPK.dll
0x775e0000 - 0x7767e000 	C:\Windows\system32\USP10.dll
0x7adc0000 - 0x7af93000 	C:\Program Files\MatLab\R2008a\bin\win32\libmwservices.dll
0x7ad60000 - 0x7adb2000 	C:\Program Files\MatLab\R2008a\bin\win32\libmx.dll
0x78680000 - 0x78692000 	C:\Program Files\MatLab\R2008a\bin\win32\zlib1.dll
0x7afa0000 - 0x7b036000 	C:\Program Files\MatLab\R2008a\bin\win32\libmwmathutil.dll
0x791b0000 - 0x791e3000 	C:\Program Files\MatLab\R2008a\bin\win32\mpath.dll
0x7b500000 - 0x7b515000 	C:\Program Files\MatLab\R2008a\bin\win32\mlutil.dll
0x71d70000 - 0x71df4000 	C:\Windows\WinSxS\x86_microsoft.windows.common-controls_6595b64144ccf1df_5.82.7600.16661_none_ebfb56996c72aefc\COMCTL32.dll
0x774b0000 - 0x7752b000 	C:\Windows\system32\comdlg32.dll
0x77450000 - 0x774a7000 	C:\Windows\system32\SHLWAPI.dll
0x76430000 - 0x77079000 	C:\Windows\system32\SHELL32.dll
0x73d50000 - 0x73d61000 	C:\Windows\system32\NETAPI32.dll
0x75600000 - 0x75609000 	C:\Windows\system32\netutils.dll
0x75cc0000 - 0x75cd9000 	C:\Windows\system32\srvcli.dll
0x73d40000 - 0x73d4f000 	C:\Windows\system32\wkscli.dll
0x77ee0000 - 0x77f15000 	C:\Windows\system32\WS2_32.dll
0x76420000 - 0x76426000 	C:\Windows\system32\NSI.dll
0x79710000 - 0x79746000 	C:\Program Files\MatLab\R2008a\bin\win32\mcr.dll
0x7a840000 - 0x7a857000 	C:\Program Files\MatLab\R2008a\bin\win32\iqm.dll
0x78550000 - 0x7856a000 	C:\Program Files\MatLab\R2008a\bin\win32\bridge.dll
0x7a870000 - 0x7a87e000 	C:\Program Files\MatLab\R2008a\bin\win32\libmex.dll
0x795e0000 - 0x79638000 	C:\Program Files\MatLab\R2008a\bin\win32\m_dispatcher.dll
0x78570000 - 0x7858c000 	C:\Program Files\MatLab\R2008a\bin\win32\datasvcs.dll
0x78a30000 - 0x78bf2000 	C:\Program Files\MatLab\R2008a\bin\win32\xerces-c_2_7.dll
0x79c90000 - 0x7a1a0000 	C:\Program Files\MatLab\R2008a\bin\win32\m_interpreter.dll
0x78590000 - 0x785b1000 	C:\Program Files\MatLab\R2008a\bin\win32\libmat.dll
0x7abc0000 - 0x7ac85000 	C:\Program Files\MatLab\R2008a\bin\win32\libhdf5.dll
0x794f0000 - 0x79539000 	C:\Program Files\MatLab\R2008a\bin\win32\profiler.dll
0x7a8d0000 - 0x7a8d9000 	C:\Program Files\MatLab\R2008a\bin\win32\libmwmathrng.dll
0x78600000 - 0x78612000 	C:\Program Files\MatLab\R2008a\bin\win32\m_pcodeio.dll
0x79170000 - 0x791a4000 	C:\Program Files\MatLab\R2008a\bin\win32\m_ir.dll
0x797c0000 - 0x79c8b000 	C:\Program Files\MatLab\R2008a\bin\win32\m_parser.dll
0x7a860000 - 0x7a86d000 	C:\Program Files\MatLab\R2008a\bin\win32\ir_xfmr.dll
0x782e0000 - 0x78411000 	C:\Program Files\MatLab\R2008a\bin\win32\mcos.dll
0x7a900000 - 0x7a90a000 	C:\Program Files\MatLab\R2008a\bin\win32\mtok.dll
0x785e0000 - 0x785f6000 	C:\Program Files\MatLab\R2008a\bin\win32\m_pcodegen.dll
0x7a810000 - 0x7a81d000 	C:\Program Files\MatLab\R2008a\bin\win32\boost_thread-vc80-mt-1_34_1.dll
0x7a6e0000 - 0x7a764000 	C:\Program Files\MatLab\R2008a\bin\win32\udd.dll
0x7b120000 - 0x7b20d000 	C:\Program Files\MatLab\R2008a\bin\win32\libmwgui.dll
0x786e0000 - 0x78860000 	C:\Program Files\MatLab\R2008a\bin\win32\hg.dll
0x790b0000 - 0x790ea000 	C:\Program Files\MatLab\R2008a\bin\win32\jmi.dll
0x78dd0000 - 0x78dfa000 	C:\Program Files\MatLab\R2008a\bin\win32\libmwhardcopy.dll
0x79130000 - 0x79169000 	C:\Program Files\MatLab\R2008a\bin\win32\libuij.dll
0x78860000 - 0x78a22000 	C:\Program Files\MatLab\R2008a\bin\win32\numerics.dll
0x7a8a0000 - 0x7a8aa000 	C:\Program Files\MatLab\R2008a\bin\win32\libmwblas.dll
0x7a890000 - 0x7a89c000 	C:\Program Files\MatLab\R2008a\bin\win32\libmwbinder.dll
0x785c0000 - 0x785df000 	C:\Program Files\MatLab\R2008a\bin\win32\libmwlapack.dll
0x7b4f0000 - 0x7b4f8000 	C:\Program Files\MatLab\R2008a\bin\win32\libmwfftw.dll
0x7b520000 - 0x7b54a000 	C:\Program Files\MatLab\R2008a\bin\win32\libmwrookfastbp.dll
0x78e00000 - 0x78e27000 	C:\Program Files\MatLab\R2008a\bin\win32\libmwma57.dll
0x7aa40000 - 0x7aaeb000 	C:\Program Files\MatLab\R2008a\bin\win32\libifcoremd.dll
0x791f0000 - 0x7949f000 	C:\Program Files\MatLab\R2008a\bin\win32\libmmd.dll
0x7a8c0000 - 0x7a8c8000 	C:\Program Files\MatLab\R2008a\bin\win32\libmwcsparse.dll
0x796a0000 - 0x79707000 	C:\Program Files\MatLab\R2008a\bin\win32\libmwumfpack.dll
0x7a880000 - 0x7a888000 	C:\Program Files\MatLab\R2008a\bin\win32\libmwamd.dll
0x79540000 - 0x79593000 	C:\Program Files\MatLab\R2008a\bin\win32\libmwcholmod.dll
0x7a8b0000 - 0x7a8b8000 	C:\Program Files\MatLab\R2008a\bin\win32\libmwcolamd.dll
0x7a770000 - 0x7a804000 	C:\Program Files\MatLab\R2008a\bin\win32\uiw.dll
0x7a940000 - 0x7a949000 	C:\Program Files\MatLab\R2008a\bin\win32\uinone.dll
0x00e20000 - 0x00f2f000 	C:\Windows\WinSxS\x86_microsoft.vc80.mfc_1fc8b3b9a1e18e3b_8.0.50727.6195_none_cbf5e994470a1a8f\MFC80.DLL
0x72040000 - 0x72091000 	C:\Windows\system32\WINSPOOL.DRV
0x77850000 - 0x779ac000 	C:\Windows\system32\ole32.dll
0x76140000 - 0x761cf000 	C:\Windows\system32\OLEAUT32.dll
0x79750000 - 0x797b2000 	C:\Program Files\MatLab\R2008a\bin\win32\udd_mi.dll
0x78620000 - 0x78632000 	C:\Program Files\MatLab\R2008a\bin\win32\mwoles05.DLL
0x794a0000 - 0x794e3000 	C:\Program Files\MatLab\R2008a\bin\win32\comcli.dll
0x00f60000 - 0x00f7b000 	C:\Windows\WinSxS\x86_microsoft.vc80.atl_1fc8b3b9a1e18e3b_8.0.50727.6195_none_d1cb102c435421de\ATL80.DLL
0x7a8f0000 - 0x7a8fb000 	C:\Program Files\MatLab\R2008a\bin\win32\mlautoregister.dll
0x77080000 - 0x7709f000 	C:\Windows\system32\IMM32.DLL
0x77380000 - 0x7744c000 	C:\Windows\system32\MSCTF.dll
0x7b7f0000 - 0x7c0b2000 	C:\Program Files\MatLab\R2008a\bin\win32\mkl.dll
0x790f0000 - 0x7912e000 	C:\Program Files\MatLab\R2008a\bin\win32\libguide40.dll
0x7b210000 - 0x7b216000 	C:\Program Files\MatLab\R2008a\bin\win32\mklcompat.dll
0x7a1a0000 - 0x7a650000 	C:\Program Files\MatLab\R2008a\bin\win32\mllapack.dll
0x7b700000 - 0x7b7e4000 	C:\Program Files\MatLab\R2008a\bin\win32\libfftw3i.dll
0x7a950000 - 0x7aa3f000 	C:\Program Files\MatLab\R2008a\bin\win32\libfftw3f.dll
0x734f0000 - 0x734fe000 	C:\Windows\WinSxS\x86_microsoft.vc80.mfcloc_1fc8b3b9a1e18e3b_8.0.50727.6195_none_03ce2c72205943d3\MFC80ENU.DLL
0x74be0000 - 0x74c20000 	C:\Windows\system32\uxtheme.dll
0x75e40000 - 0x75e4b000 	C:\Windows\system32\profapi.dll
0x75dc0000 - 0x75dcc000 	C:\Windows\system32\CRYPTBASE.dll
0x748a0000 - 0x74a3e000 	C:\Windows\WinSxS\x86_microsoft.windows.common-controls_6595b64144ccf1df_6.0.7600.16661_none_420fe3fa2b8113bd\comctl32.dll
0x761f0000 - 0x7638d000 	C:\Windows\system32\SETUPAPI.dll
0x75ec0000 - 0x75ee7000 	C:\Windows\system32\CFGMGR32.dll
0x75fd0000 - 0x75fe2000 	C:\Windows\system32\DEVOBJ.dll
0x76390000 - 0x76413000 	C:\Windows\system32\CLBCatQ.DLL
0x74c60000 - 0x74d55000 	C:\Windows\system32\propsys.dll
0x75100000 - 0x75121000 	C:\Windows\system32\ntmarta.dll
0x77e90000 - 0x77ed5000 	C:\Windows\system32\WLDAP32.dll
0x73710000 - 0x73713000 	C:\Windows\system32\icmp.Dll
0x74480000 - 0x7449c000 	C:\Windows\system32\iphlpapi.DLL
0x74470000 - 0x74477000 	C:\Windows\system32\WINNSI.DLL
0x75d50000 - 0x75d6a000 	C:\Windows\system32\SspiCli.dll
0x74330000 - 0x74340000 	C:\Windows\system32\NLAapi.dll
0x75970000 - 0x759ac000 	C:\Windows\System32\mswsock.dll
0x75770000 - 0x757b4000 	C:\Windows\system32\DNSAPI.dll
0x72390000 - 0x72398000 	C:\Windows\System32\winrnr.dll
0x72380000 - 0x72390000 	C:\Windows\system32\napinsp.dll
0x72340000 - 0x72352000 	C:\Windows\system32\pnrpnsp.dll
0x16080000 - 0x160a5000 	C:\Program Files\Bonjour\mdnsNSP.dll
0x035a0000 - 0x035a8000 	C:\Program Files\National Instruments\Shared\mDNS Responder\nimdnsNSP.dll
0x036e0000 - 0x036e9000 	C:\Windows\system32\nimdnsResponder.dll
0x72f80000 - 0x73023000 	C:\Windows\WinSxS\x86_microsoft.vc90.crt_1fc8b3b9a1e18e3b_9.0.30729.6161_none_50934f2ebcb7eb57\MSVCR90.dll
0x73b50000 - 0x73b88000 	C:\Windows\System32\fwpuclnt.dll
0x72f70000 - 0x72f76000 	C:\Windows\system32\rasadhlp.dll
0x753c0000 - 0x753c5000 	C:\Windows\System32\wshtcpip.dll
0x73b30000 - 0x73b3d000 	C:\Windows\system32\dhcpcsvc6.DLL
0x73b10000 - 0x73b22000 	C:\Windows\system32\dhcpcsvc.DLL

VM Arguments:
jvm_args: -Xss512k -XX:PermSize=32M -Xms64m -XX:NewRatio=3 -XX:MaxPermSize=64M -Xmx128m -XX:MaxDirectMemorySize=1200000000 -Dsun.java2d.noddraw=true -Dsun.awt.nopixfmt=true -Xshare:off -Xrs -Djava.library.path=C:\Program Files\MatLab\R2008a\bin\win32 vfprintf abort
java_command: <unknown>
Launcher Type: generic

Environment Variables:
PATH=C:\Windows\system32;C:\Windows;C:\Windows\System32\Wbem;C:\Windows\System32\WindowsPowerShell\v1.0\;C:\Program Files\MatLab\runtime\win32;C:\Program Files\MatLab\bin;C:\Program Files\MATLAB\R2008a\bin;C:\Program Files\MATLAB\R2008a\bin\win32;C:\Program Files\IVI Foundation\IVI\bin;C:\Program Files\IVI Foundation\VISA\WinNT\Bin\;C:\Program Files\IVI Foundation\VISA\WinNT\Bin
USERNAME=thill
OS=Windows_NT
PROCESSOR_IDENTIFIER=x86 Family 6 Model 23 Stepping 10, GenuineIntel



---------------  S Y S T E M  ---------------

OS: Windows NT 6.1 Build 7600 

CPU:total 2 family 6, cmov, cx8, fxsr, mmx, sse, sse2

Memory: 4k page, physical 3405408k(1411000k free), swap 4194303k(4194303k free)

vm_info: Java HotSpot(TM) Client VM (1.6.0-b105) for windows-x86, built on Nov 29 2006 00:48:48 by "java_re" with unknown MS VC++:1310

